{"name":"SVC","trace_id":"d73a89f7-df9b-4ff4-9547-0b2019885bea","hostname":"Apollo","pid":8872,"origin":"app.startup","level":30,"msg":"\n\n******************************************************************************\n\n    Starting Social Visual Communication application \n\n******************************************************************************\n","time":"2016-03-18T18:53:25.638Z","v":0}
{"name":"SVC","trace_id":"d73a89f7-df9b-4ff4-9547-0b2019885bea","hostname":"Apollo","pid":8872,"origin":"initialise.initialise","level":30,"msg":"Starting SVC server.","time":"2016-03-18T18:53:25.645Z","v":0}
{"name":"SVC","trace_id":"d73a89f7-df9b-4ff4-9547-0b2019885bea","hostname":"Apollo","pid":8872,"origin":"dataStorage.connect","level":30,"host":"46.101.34.248","port":"3306","user":"svc-dev-1","password":"Nk07PPhQf7w3ShrU7Yog","database":"svc-dev-1","msg":"Attempting to connect to the database","time":"2016-03-18T18:53:25.647Z","v":0}
{"name":"SVC","trace_id":"d73a89f7-df9b-4ff4-9547-0b2019885bea","hostname":"Apollo","pid":8872,"origin":"api.register","level":30,"msg":"Registering middleware","time":"2016-03-18T18:53:25.793Z","v":0}
{"name":"SVC","trace_id":"d73a89f7-df9b-4ff4-9547-0b2019885bea","hostname":"Apollo","pid":8872,"origin":"api.register","level":30,"http_port":8080,"https_port":"443","msg":"Listening on ports","time":"2016-03-18T18:53:25.800Z","v":0}
{"name":"SVC","trace_id":"d73a89f7-df9b-4ff4-9547-0b2019885bea","hostname":"Apollo","pid":8872,"origin":"app.startup","level":30,"msg":"\n\n******************************************************************************\n\n    Application successfully started. \n\n******************************************************************************\n","time":"2016-03-18T18:53:25.806Z","v":0}
{"name":"SVC","trace_id":"3efe7aae-684c-4585-933e-17b823ecd102","hostname":"Apollo","pid":8872,"origin":"api.traceRequests","level":30,"request_params":{},"request_path":"/","msg":"Request received","time":"2016-03-18T18:53:30.364Z","v":0}
{"name":"SVC","trace_id":"205d2ff9-9665-4b5e-bcbc-33fd1840e2fc","hostname":"Apollo","pid":8872,"origin":"api.traceRequests","level":30,"request_params":{},"request_path":"/resources/css/main-layout.css","msg":"Request received","time":"2016-03-18T18:53:30.963Z","v":0}
{"name":"SVC","trace_id":"2fd8cde5-1fa2-4794-b21d-d2c67b4b0b3e","hostname":"Apollo","pid":8872,"origin":"api.traceRequests","level":30,"request_params":{},"request_path":"/resources/css/dialog-window.css","msg":"Request received","time":"2016-03-18T18:53:30.979Z","v":0}
{"name":"SVC","trace_id":"b5bb2dc3-7077-466a-9034-8a66ea474107","hostname":"Apollo","pid":8872,"origin":"api.traceRequests","level":30,"request_params":{},"request_path":"/resources/css/sign-in.css","msg":"Request received","time":"2016-03-18T18:53:30.985Z","v":0}
{"name":"SVC","trace_id":"67e07ae2-d06d-406a-828c-78237edbeaea","hostname":"Apollo","pid":8872,"origin":"api.traceRequests","level":30,"request_params":{},"request_path":"/resources/css/register.css","msg":"Request received","time":"2016-03-18T18:53:30.992Z","v":0}
{"name":"SVC","trace_id":"76a66a34-2e5b-4297-bc76-146f2de3c6f8","hostname":"Apollo","pid":8872,"origin":"api.traceRequests","level":30,"request_params":{},"request_path":"/resources/js/jquery-2.0.3.min.js","msg":"Request received","time":"2016-03-18T18:53:30.998Z","v":0}
{"name":"SVC","trace_id":"205d2ff9-9665-4b5e-bcbc-33fd1840e2fc","hostname":"Apollo","pid":8872,"origin":"api.traceRequests","level":30,"response_file":"E:\\dev\\svc\\svc\\svc-application\\main/resources/css/main-layout.css","request_duration":0.003,"msg":"Sending response","time":"2016-03-18T18:53:30.967Z","v":0}
{"name":"SVC","trace_id":"2fd8cde5-1fa2-4794-b21d-d2c67b4b0b3e","hostname":"Apollo","pid":8872,"origin":"api.traceRequests","level":30,"response_file":"E:\\dev\\svc\\svc\\svc-application\\main/resources/css/dialog-window.css","request_duration":0.001,"msg":"Sending response","time":"2016-03-18T18:53:30.980Z","v":0}
{"name":"SVC","trace_id":"b5bb2dc3-7077-466a-9034-8a66ea474107","hostname":"Apollo","pid":8872,"origin":"api.traceRequests","level":30,"response_file":"E:\\dev\\svc\\svc\\svc-application\\main/resources/css/sign-in.css","request_duration":0.003,"msg":"Sending response","time":"2016-03-18T18:53:30.988Z","v":0}
{"name":"SVC","trace_id":"67e07ae2-d06d-406a-828c-78237edbeaea","hostname":"Apollo","pid":8872,"origin":"api.traceRequests","level":30,"response_file":"E:\\dev\\svc\\svc\\svc-application\\main/resources/css/register.css","request_duration":0.001,"msg":"Sending response","time":"2016-03-18T18:53:30.993Z","v":0}
{"name":"SVC","trace_id":"76a66a34-2e5b-4297-bc76-146f2de3c6f8","hostname":"Apollo","pid":8872,"origin":"api.traceRequests","level":30,"response_file":"E:\\dev\\svc\\svc\\svc-application\\main/resources/js/jquery-2.0.3.min.js","request_duration":0.001,"msg":"Sending response","time":"2016-03-18T18:53:30.999Z","v":0}
{"name":"SVC","trace_id":"d150530e-224e-4b2b-a95a-de2bf0b9dca2","hostname":"Apollo","pid":8872,"origin":"api.traceRequests","level":30,"request_params":{},"request_path":"/resources/js/main-signed-out.js","msg":"Request received","time":"2016-03-18T18:53:31.017Z","v":0}
{"name":"SVC","trace_id":"d150530e-224e-4b2b-a95a-de2bf0b9dca2","hostname":"Apollo","pid":8872,"origin":"api.traceRequests","level":30,"response_file":"E:\\dev\\svc\\svc\\svc-application\\main/resources/js/main-signed-out.js","request_duration":0.001,"msg":"Sending response","time":"2016-03-18T18:53:31.018Z","v":0}
{"name":"SVC","trace_id":"555c8271-c7c0-477a-bb8e-37fe4fc31b68","hostname":"Apollo","pid":8872,"origin":"api.traceRequests","level":30,"request_params":{},"request_path":"/resources/imgs/arrow.png","msg":"Request received","time":"2016-03-18T18:54:20.847Z","v":0}
{"name":"SVC","trace_id":"555c8271-c7c0-477a-bb8e-37fe4fc31b68","hostname":"Apollo","pid":8872,"origin":"api.traceRequests","level":30,"response_file":"E:\\dev\\svc\\svc\\svc-application\\main/resources/imgs/arrow.png","request_duration":0.002,"msg":"Sending response","time":"2016-03-18T18:54:20.849Z","v":0}
{"name":"SVC","trace_id":"490d90af-6c57-47d8-b15b-6838608f3f7d","hostname":"Apollo","pid":8872,"origin":"api.traceRequests","level":30,"request_params":{},"request_path":"/resources/imgs/arrow.png","msg":"Request received","time":"2016-03-18T18:54:24.935Z","v":0}
{"name":"SVC","trace_id":"490d90af-6c57-47d8-b15b-6838608f3f7d","hostname":"Apollo","pid":8872,"origin":"api.traceRequests","level":30,"response_file":"E:\\dev\\svc\\svc\\svc-application\\main/resources/imgs/arrow.png","request_duration":0.001,"msg":"Sending response","time":"2016-03-18T18:54:24.936Z","v":0}
{"name":"SVC","trace_id":"fa85aac7-1825-41c3-89dd-eb00c8e73c38","hostname":"Apollo","pid":8872,"origin":"api.traceRequests","level":30,"request_params":{},"request_path":"/resources/imgs/arrow.png","msg":"Request received","time":"2016-03-18T18:54:25.158Z","v":0}
{"name":"SVC","trace_id":"fa85aac7-1825-41c3-89dd-eb00c8e73c38","hostname":"Apollo","pid":8872,"origin":"api.traceRequests","level":30,"response_file":"E:\\dev\\svc\\svc\\svc-application\\main/resources/imgs/arrow.png","request_duration":0.001,"msg":"Sending response","time":"2016-03-18T18:54:25.159Z","v":0}
{"name":"SVC","trace_id":"57cb9733-a547-45a4-a54f-39af0fa38b51","hostname":"Apollo","pid":8872,"origin":"api.traceRequests","level":30,"request_params":{},"request_path":"/resources/imgs/arrow.png","msg":"Request received","time":"2016-03-18T18:54:25.447Z","v":0}
{"name":"SVC","trace_id":"57cb9733-a547-45a4-a54f-39af0fa38b51","hostname":"Apollo","pid":8872,"origin":"api.traceRequests","level":30,"response_file":"E:\\dev\\svc\\svc\\svc-application\\main/resources/imgs/arrow.png","request_duration":0.001,"msg":"Sending response","time":"2016-03-18T18:54:25.448Z","v":0}
{"name":"SVC","trace_id":"62997e36-16cc-467d-ba5f-e646c27d6dc1","hostname":"Apollo","pid":8872,"origin":"api.traceRequests","level":30,"request_params":{},"request_path":"/resources/imgs/arrow.png","msg":"Request received","time":"2016-03-18T18:54:25.651Z","v":0}
{"name":"SVC","trace_id":"62997e36-16cc-467d-ba5f-e646c27d6dc1","hostname":"Apollo","pid":8872,"origin":"api.traceRequests","level":30,"response_file":"E:\\dev\\svc\\svc\\svc-application\\main/resources/imgs/arrow.png","request_duration":0.001,"msg":"Sending response","time":"2016-03-18T18:54:25.652Z","v":0}
{"name":"SVC","trace_id":"fc266e28-a048-4df4-937c-a5b84f344529","hostname":"Apollo","pid":8872,"origin":"api.traceRequests","level":30,"request_params":{},"request_path":"/resources/imgs/arrow.png","msg":"Request received","time":"2016-03-18T18:54:25.855Z","v":0}
{"name":"SVC","trace_id":"fc266e28-a048-4df4-937c-a5b84f344529","hostname":"Apollo","pid":8872,"origin":"api.traceRequests","level":30,"response_file":"E:\\dev\\svc\\svc\\svc-application\\main/resources/imgs/arrow.png","request_duration":0.002,"msg":"Sending response","time":"2016-03-18T18:54:25.857Z","v":0}
{"name":"SVC","trace_id":"9a57be29-a6f7-4e6a-8bfe-865d49188a42","hostname":"Apollo","pid":8872,"origin":"api.traceRequests","level":30,"request_params":{},"request_path":"/resources/imgs/arrow.png","msg":"Request received","time":"2016-03-18T18:54:26.384Z","v":0}
{"name":"SVC","trace_id":"9a57be29-a6f7-4e6a-8bfe-865d49188a42","hostname":"Apollo","pid":8872,"origin":"api.traceRequests","level":30,"response_file":"E:\\dev\\svc\\svc\\svc-application\\main/resources/imgs/arrow.png","request_duration":0.001,"msg":"Sending response","time":"2016-03-18T18:54:26.385Z","v":0}
{"name":"SVC","trace_id":"ec6507e8-1b62-4d95-800c-73a676e8b786","hostname":"Apollo","pid":8872,"origin":"api.traceRequests","level":30,"request_params":{},"request_path":"/resources/imgs/arrow.png","msg":"Request received","time":"2016-03-18T18:54:26.505Z","v":0}
{"name":"SVC","trace_id":"ec6507e8-1b62-4d95-800c-73a676e8b786","hostname":"Apollo","pid":8872,"origin":"api.traceRequests","level":30,"response_file":"E:\\dev\\svc\\svc\\svc-application\\main/resources/imgs/arrow.png","request_duration":0.002,"msg":"Sending response","time":"2016-03-18T18:54:26.506Z","v":0}
{"name":"SVC","trace_id":"f7d5cdcf-92c1-403e-a46b-9fc5179dfff7","hostname":"Apollo","pid":8872,"origin":"api.traceRequests","level":30,"request_params":{},"request_path":"/resources/imgs/arrow.png","msg":"Request received","time":"2016-03-18T18:54:26.731Z","v":0}
{"name":"SVC","trace_id":"f7d5cdcf-92c1-403e-a46b-9fc5179dfff7","hostname":"Apollo","pid":8872,"origin":"api.traceRequests","level":30,"response_file":"E:\\dev\\svc\\svc\\svc-application\\main/resources/imgs/arrow.png","request_duration":0.002,"msg":"Sending response","time":"2016-03-18T18:54:26.733Z","v":0}
{"name":"SVC","trace_id":"d15d2ac6-5944-4898-b794-fcd9bfdb7a31","hostname":"Apollo","pid":8872,"origin":"api.traceRequests","level":30,"request_params":{},"request_path":"/resources/imgs/arrow.png","msg":"Request received","time":"2016-03-18T18:54:26.934Z","v":0}
{"name":"SVC","trace_id":"d15d2ac6-5944-4898-b794-fcd9bfdb7a31","hostname":"Apollo","pid":8872,"origin":"api.traceRequests","level":30,"response_file":"E:\\dev\\svc\\svc\\svc-application\\main/resources/imgs/arrow.png","request_duration":0,"msg":"Sending response","time":"2016-03-18T18:54:26.935Z","v":0}
{"name":"SVC","trace_id":"a1277635-0ba5-4f51-8c35-7c5da97766e5","hostname":"Apollo","pid":8872,"origin":"api.traceRequests","level":30,"request_params":{},"request_path":"/resources/imgs/arrow.png","msg":"Request received","time":"2016-03-18T18:54:27.146Z","v":0}
{"name":"SVC","trace_id":"a1277635-0ba5-4f51-8c35-7c5da97766e5","hostname":"Apollo","pid":8872,"origin":"api.traceRequests","level":30,"response_file":"E:\\dev\\svc\\svc\\svc-application\\main/resources/imgs/arrow.png","request_duration":0.004,"msg":"Sending response","time":"2016-03-18T18:54:27.149Z","v":0}
{"name":"SVC","trace_id":"b4905d78-53da-46ab-aa6a-e8449c27ae4f","hostname":"Apollo","pid":8872,"origin":"api.traceRequests","level":30,"request_params":{},"request_path":"/resources/imgs/arrow.png","msg":"Request received","time":"2016-03-18T18:54:27.325Z","v":0}
{"name":"SVC","trace_id":"b4905d78-53da-46ab-aa6a-e8449c27ae4f","hostname":"Apollo","pid":8872,"origin":"api.traceRequests","level":30,"response_file":"E:\\dev\\svc\\svc\\svc-application\\main/resources/imgs/arrow.png","request_duration":0,"msg":"Sending response","time":"2016-03-18T18:54:27.325Z","v":0}
{"name":"SVC","trace_id":"49ba5e33-650a-4a19-9458-4a5b699aa1bd","hostname":"Apollo","pid":8872,"origin":"api.traceRequests","level":30,"request_params":{},"request_path":"/resources/imgs/arrow.png","msg":"Request received","time":"2016-03-18T18:54:27.442Z","v":0}
{"name":"SVC","trace_id":"49ba5e33-650a-4a19-9458-4a5b699aa1bd","hostname":"Apollo","pid":8872,"origin":"api.traceRequests","level":30,"response_file":"E:\\dev\\svc\\svc\\svc-application\\main/resources/imgs/arrow.png","request_duration":0.001,"msg":"Sending response","time":"2016-03-18T18:54:27.443Z","v":0}
{"name":"SVC","trace_id":"44a260ae-4595-4fee-a99f-d5a575e0fa6e","hostname":"Apollo","pid":8872,"origin":"api.traceRequests","level":30,"request_params":{},"request_path":"/resources/imgs/arrow.png","msg":"Request received","time":"2016-03-18T18:54:27.575Z","v":0}
{"name":"SVC","trace_id":"44a260ae-4595-4fee-a99f-d5a575e0fa6e","hostname":"Apollo","pid":8872,"origin":"api.traceRequests","level":30,"response_file":"E:\\dev\\svc\\svc\\svc-application\\main/resources/imgs/arrow.png","request_duration":0.001,"msg":"Sending response","time":"2016-03-18T18:54:27.576Z","v":0}
{"name":"SVC","trace_id":"69ab0ce4-ad08-4b43-915c-664967f56814","hostname":"Apollo","pid":8872,"origin":"api.traceRequests","level":30,"request_params":{},"request_path":"/resources/imgs/arrow.png","msg":"Request received","time":"2016-03-18T18:54:27.756Z","v":0}
{"name":"SVC","trace_id":"69ab0ce4-ad08-4b43-915c-664967f56814","hostname":"Apollo","pid":8872,"origin":"api.traceRequests","level":30,"response_file":"E:\\dev\\svc\\svc\\svc-application\\main/resources/imgs/arrow.png","request_duration":0,"msg":"Sending response","time":"2016-03-18T18:54:27.756Z","v":0}
{"name":"SVC","trace_id":"2b284d53-ee95-43d5-8e84-0bb2bba2d0c5","hostname":"Apollo","pid":8872,"origin":"api.traceRequests","level":30,"request_params":{},"request_path":"/resources/imgs/arrow.png","msg":"Request received","time":"2016-03-18T18:54:27.927Z","v":0}
{"name":"SVC","trace_id":"2b284d53-ee95-43d5-8e84-0bb2bba2d0c5","hostname":"Apollo","pid":8872,"origin":"api.traceRequests","level":30,"response_file":"E:\\dev\\svc\\svc\\svc-application\\main/resources/imgs/arrow.png","request_duration":0,"msg":"Sending response","time":"2016-03-18T18:54:27.928Z","v":0}
{"name":"SVC","trace_id":"d14ead47-1284-4f9f-b1fb-03b78617dfaf","hostname":"Apollo","pid":8872,"origin":"api.traceRequests","level":30,"request_params":{},"request_path":"/","msg":"Request received","time":"2016-03-18T18:54:32.035Z","v":0}
{"name":"SVC","trace_id":"5133485c-2978-429e-a51f-324aaab54688","hostname":"Apollo","pid":8872,"origin":"api.traceRequests","level":30,"request_params":{},"request_path":"/resources/css/main-layout.css","msg":"Request received","time":"2016-03-18T18:54:32.429Z","v":0}
{"name":"SVC","trace_id":"ea8e9326-ab38-4b25-b7ec-bab9631688c2","hostname":"Apollo","pid":8872,"origin":"api.traceRequests","level":30,"request_params":{},"request_path":"/resources/css/dialog-window.css","msg":"Request received","time":"2016-03-18T18:54:32.436Z","v":0}
{"name":"SVC","trace_id":"326b2901-6008-4ea7-8982-ee8547fda88d","hostname":"Apollo","pid":8872,"origin":"api.traceRequests","level":30,"request_params":{},"request_path":"/resources/css/sign-in.css","msg":"Request received","time":"2016-03-18T18:54:32.440Z","v":0}
{"name":"SVC","trace_id":"5133485c-2978-429e-a51f-324aaab54688","hostname":"Apollo","pid":8872,"origin":"api.traceRequests","level":30,"response_file":"E:\\dev\\svc\\svc\\svc-application\\main/resources/css/main-layout.css","request_duration":0.001,"msg":"Sending response","time":"2016-03-18T18:54:32.430Z","v":0}
{"name":"SVC","trace_id":"ea8e9326-ab38-4b25-b7ec-bab9631688c2","hostname":"Apollo","pid":8872,"origin":"api.traceRequests","level":30,"response_file":"E:\\dev\\svc\\svc\\svc-application\\main/resources/css/dialog-window.css","request_duration":0.001,"msg":"Sending response","time":"2016-03-18T18:54:32.436Z","v":0}
{"name":"SVC","trace_id":"326b2901-6008-4ea7-8982-ee8547fda88d","hostname":"Apollo","pid":8872,"origin":"api.traceRequests","level":30,"response_file":"E:\\dev\\svc\\svc\\svc-application\\main/resources/css/sign-in.css","request_duration":0.001,"msg":"Sending response","time":"2016-03-18T18:54:32.442Z","v":0}
{"name":"SVC","trace_id":"1a24d4fb-02b1-474a-a3e2-fdb7c6e0c954","hostname":"Apollo","pid":8872,"origin":"api.traceRequests","level":30,"request_params":{},"request_path":"/resources/css/register.css","msg":"Request received","time":"2016-03-18T18:54:32.447Z","v":0}
{"name":"SVC","trace_id":"b086d83a-b1c9-4a59-8bee-6b17fb4b680e","hostname":"Apollo","pid":8872,"origin":"api.traceRequests","level":30,"request_params":{},"request_path":"/resources/js/jquery-2.0.3.min.js","msg":"Request received","time":"2016-03-18T18:54:32.451Z","v":0}
{"name":"SVC","trace_id":"51c3623b-3c9e-4d1c-a185-890d85422b64","hostname":"Apollo","pid":8872,"origin":"api.traceRequests","level":30,"request_params":{},"request_path":"/resources/js/main-signed-out.js","msg":"Request received","time":"2016-03-18T18:54:32.461Z","v":0}
{"name":"SVC","trace_id":"1a24d4fb-02b1-474a-a3e2-fdb7c6e0c954","hostname":"Apollo","pid":8872,"origin":"api.traceRequests","level":30,"response_file":"E:\\dev\\svc\\svc\\svc-application\\main/resources/css/register.css","request_duration":0.001,"msg":"Sending response","time":"2016-03-18T18:54:32.448Z","v":0}
{"name":"SVC","trace_id":"b086d83a-b1c9-4a59-8bee-6b17fb4b680e","hostname":"Apollo","pid":8872,"origin":"api.traceRequests","level":30,"response_file":"E:\\dev\\svc\\svc\\svc-application\\main/resources/js/jquery-2.0.3.min.js","request_duration":0.003,"msg":"Sending response","time":"2016-03-18T18:54:32.454Z","v":0}
{"name":"SVC","trace_id":"51c3623b-3c9e-4d1c-a185-890d85422b64","hostname":"Apollo","pid":8872,"origin":"api.traceRequests","level":30,"response_file":"E:\\dev\\svc\\svc\\svc-application\\main/resources/js/main-signed-out.js","request_duration":0,"msg":"Sending response","time":"2016-03-18T18:54:32.461Z","v":0}
{"name":"SVC","trace_id":"b07732a4-1348-46ce-8f8d-c27e9637a829","hostname":"Apollo","pid":8872,"origin":"api.traceRequests","level":30,"request_params":{},"request_path":"/","msg":"Request received","time":"2016-03-18T18:54:33.152Z","v":0}
{"name":"SVC","trace_id":"10e94e39-207f-48f7-bf13-de9d87ac0de2","hostname":"Apollo","pid":8872,"origin":"api.traceRequests","level":30,"request_params":{},"request_path":"/","msg":"Request received","time":"2016-03-18T18:54:33.438Z","v":0}
{"name":"SVC","trace_id":"8599dd48-e355-4fdb-afa8-894f31820d77","hostname":"Apollo","pid":8872,"origin":"api.traceRequests","level":30,"request_params":{},"request_path":"/","msg":"Request received","time":"2016-03-18T18:54:33.730Z","v":0}
{"name":"SVC","trace_id":"3ccbe365-2a4b-4915-8a99-0f9c3b8963d3","hostname":"Apollo","pid":8872,"origin":"api.traceRequests","level":30,"request_params":{},"request_path":"/","msg":"Request received","time":"2016-03-18T18:54:33.945Z","v":0}
{"name":"SVC","trace_id":"92e16b33-fc0b-42b6-a141-b66258819948","hostname":"Apollo","pid":8872,"origin":"api.traceRequests","level":30,"request_params":{},"request_path":"/","msg":"Request received","time":"2016-03-18T18:54:34.170Z","v":0}
{"name":"SVC","trace_id":"d60170f8-5d1b-479a-b5be-d8bef0e01be5","hostname":"Apollo","pid":8872,"origin":"api.traceRequests","level":30,"request_params":{},"request_path":"/","msg":"Request received","time":"2016-03-18T18:54:34.399Z","v":0}
{"name":"SVC","trace_id":"163eccd9-b209-4528-b467-c8f2a4ac6110","hostname":"Apollo","pid":8872,"origin":"api.traceRequests","level":30,"request_params":{},"request_path":"/","msg":"Request received","time":"2016-03-18T18:54:34.616Z","v":0}
{"name":"SVC","trace_id":"d5f5c52d-57be-4c3d-8952-a7aa63010faa","hostname":"Apollo","pid":8872,"origin":"api.traceRequests","level":30,"request_params":{},"request_path":"/","msg":"Request received","time":"2016-03-18T18:54:34.860Z","v":0}
{"name":"SVC","trace_id":"caa3a194-cd0d-4511-8a8a-f3bd6ed936da","hostname":"Apollo","pid":8872,"origin":"api.traceRequests","level":30,"request_params":{},"request_path":"/resources/css/main-layout.css","msg":"Request received","time":"2016-03-18T18:54:35.245Z","v":0}
{"name":"SVC","trace_id":"caa3a194-cd0d-4511-8a8a-f3bd6ed936da","hostname":"Apollo","pid":8872,"origin":"api.traceRequests","level":30,"response_file":"E:\\dev\\svc\\svc\\svc-application\\main/resources/css/main-layout.css","request_duration":0.001,"msg":"Sending response","time":"2016-03-18T18:54:35.246Z","v":0}
{"name":"SVC","trace_id":"686157c1-b5d5-4804-a542-73095032d996","hostname":"Apollo","pid":8872,"origin":"api.traceRequests","level":30,"request_params":{},"request_path":"/resources/css/dialog-window.css","msg":"Request received","time":"2016-03-18T18:54:35.252Z","v":0}
{"name":"SVC","trace_id":"113a2388-ebae-45dc-8c65-e0e12b1b680e","hostname":"Apollo","pid":8872,"origin":"api.traceRequests","level":30,"request_params":{},"request_path":"/resources/css/sign-in.css","msg":"Request received","time":"2016-03-18T18:54:35.256Z","v":0}
{"name":"SVC","trace_id":"88d693e2-734e-4a6a-926f-8389562228de","hostname":"Apollo","pid":8872,"origin":"api.traceRequests","level":30,"request_params":{},"request_path":"/resources/css/register.css","msg":"Request received","time":"2016-03-18T18:54:35.259Z","v":0}
{"name":"SVC","trace_id":"686157c1-b5d5-4804-a542-73095032d996","hostname":"Apollo","pid":8872,"origin":"api.traceRequests","level":30,"response_file":"E:\\dev\\svc\\svc\\svc-application\\main/resources/css/dialog-window.css","request_duration":0.001,"msg":"Sending response","time":"2016-03-18T18:54:35.253Z","v":0}
{"name":"SVC","trace_id":"113a2388-ebae-45dc-8c65-e0e12b1b680e","hostname":"Apollo","pid":8872,"origin":"api.traceRequests","level":30,"response_file":"E:\\dev\\svc\\svc\\svc-application\\main/resources/css/sign-in.css","request_duration":0.001,"msg":"Sending response","time":"2016-03-18T18:54:35.257Z","v":0}
{"name":"SVC","trace_id":"88d693e2-734e-4a6a-926f-8389562228de","hostname":"Apollo","pid":8872,"origin":"api.traceRequests","level":30,"response_file":"E:\\dev\\svc\\svc\\svc-application\\main/resources/css/register.css","request_duration":0,"msg":"Sending response","time":"2016-03-18T18:54:35.259Z","v":0}
{"name":"SVC","trace_id":"731697ac-6162-48fd-819c-3cfaadf6ff96","hostname":"Apollo","pid":8872,"origin":"api.traceRequests","level":30,"request_params":{},"request_path":"/resources/js/jquery-2.0.3.min.js","msg":"Request received","time":"2016-03-18T18:54:35.266Z","v":0}
{"name":"SVC","trace_id":"d4d40636-e45f-465f-8397-7378c155baa5","hostname":"Apollo","pid":8872,"origin":"api.traceRequests","level":30,"request_params":{},"request_path":"/resources/js/main-signed-out.js","msg":"Request received","time":"2016-03-18T18:54:35.288Z","v":0}
{"name":"SVC","trace_id":"731697ac-6162-48fd-819c-3cfaadf6ff96","hostname":"Apollo","pid":8872,"origin":"api.traceRequests","level":30,"response_file":"E:\\dev\\svc\\svc\\svc-application\\main/resources/js/jquery-2.0.3.min.js","request_duration":0.002,"msg":"Sending response","time":"2016-03-18T18:54:35.268Z","v":0}
{"name":"SVC","trace_id":"d4d40636-e45f-465f-8397-7378c155baa5","hostname":"Apollo","pid":8872,"origin":"api.traceRequests","level":30,"response_file":"E:\\dev\\svc\\svc\\svc-application\\main/resources/js/main-signed-out.js","request_duration":0,"msg":"Sending response","time":"2016-03-18T18:54:35.290Z","v":0}
{"name":"SVC","trace_id":"fdefede2-c52e-4669-ace9-532b35b8810a","hostname":"Apollo","pid":8872,"origin":"api.traceRequests","level":30,"request_params":{},"request_path":"/resources/imgs/favicon.png","msg":"Request received","time":"2016-03-18T18:54:35.434Z","v":0}
{"name":"SVC","trace_id":"fdefede2-c52e-4669-ace9-532b35b8810a","hostname":"Apollo","pid":8872,"origin":"api.traceRequests","level":30,"response_file":"E:\\dev\\svc\\svc\\svc-application\\main/resources/imgs/favicon.png","request_duration":0,"msg":"Sending response","time":"2016-03-18T18:54:35.434Z","v":0}
{"name":"SVC","trace_id":"14154d34-3f89-4ec6-86c8-accb04be6c65","hostname":"Apollo","pid":8872,"origin":"api.traceRequests","level":30,"request_params":{},"request_path":"/resources/imgs/favicon.png","msg":"Request received","time":"2016-03-18T18:54:35.464Z","v":0}
{"name":"SVC","trace_id":"14154d34-3f89-4ec6-86c8-accb04be6c65","hostname":"Apollo","pid":8872,"origin":"api.traceRequests","level":30,"response_file":"E:\\dev\\svc\\svc\\svc-application\\main/resources/imgs/favicon.png","request_duration":0.001,"msg":"Sending response","time":"2016-03-18T18:54:35.464Z","v":0}
